<?xml version="1.0" encoding="UTF-8"?>
<!-- Generated by org.testng.reporters.JUnitXMLReporter -->
<testsuite hostname="abc-PC" ignored="0" name="Default test" tests="9" failures="1" timestamp="29 Jan 2018 03:56:47 GMT" time="93.646" errors="0">
  <testcase name="ClearForm" time="5.802" classname="automationFramework.TestNG"/>
  <testcase name="FirstNameRequiredField" time="5.487" classname="automationFramework.TestNG"/>
  <testcase name="LastNameRequiredField" time="5.539" classname="automationFramework.TestNG"/>
  <testcase name="MaxLength" time="5.571" classname="automationFramework.TestNG">
    <failure type="java.lang.AssertionError" message="expected [The max length of last name is 20] but found [The max length of first name is 20]">
      <![CDATA[java.lang.AssertionError: expected [The max length of last name is 20] but found [The max length of first name is 20]at org.testng.Assert.fail(Assert.java:96)at org.testng.Assert.failNotEquals(Assert.java:776)at org.testng.Assert.assertEqualsImpl(Assert.java:137)at org.testng.Assert.assertEquals(Assert.java:118)at org.testng.Assert.assertEquals(Assert.java:453)at org.testng.Assert.assertEquals(Assert.java:463)at automationFramework.TestNG.MaxLength(TestNG.java:87)at sun.reflect.NativeMethodAccessorImpl.invoke0(Native Method)at sun.reflect.NativeMethodAccessorImpl.invoke(NativeMethodAccessorImpl.java:62)at sun.reflect.DelegatingMethodAccessorImpl.invoke(DelegatingMethodAccessorImpl.java:43)at java.lang.reflect.Method.invoke(Method.java:497)at org.testng.internal.MethodInvocationHelper.invokeMethod(MethodInvocationHelper.java:124)at org.testng.internal.Invoker.invokeMethod(Invoker.java:571)at org.testng.internal.Invoker.invokeTestMethod(Invoker.java:707)at org.testng.internal.Invoker.invokeTestMethods(Invoker.java:979)at org.testng.internal.TestMethodWorker.invokeTestMethods(TestMethodWorker.java:125)at org.testng.internal.TestMethodWorker.run(TestMethodWorker.java:109)at org.testng.TestRunner.privateRun(TestRunner.java:648)at org.testng.TestRunner.run(TestRunner.java:505)at org.testng.SuiteRunner.runTest(SuiteRunner.java:455)at org.testng.SuiteRunner.runSequentially(SuiteRunner.java:450)at org.testng.SuiteRunner.privateRun(SuiteRunner.java:415)at org.testng.SuiteRunner.run(SuiteRunner.java:364)at org.testng.SuiteRunnerWorker.runSuite(SuiteRunnerWorker.java:52)at org.testng.SuiteRunnerWorker.run(SuiteRunnerWorker.java:84)at org.testng.TestNG.runSuitesSequentially(TestNG.java:1187)at org.testng.TestNG.runSuitesLocally(TestNG.java:1116)at org.testng.TestNG.runSuites(TestNG.java:1028)at org.testng.TestNG.run(TestNG.java:996)at org.testng.remote.AbstractRemoteTestNG.run(AbstractRemoteTestNG.java:114)at org.testng.remote.RemoteTestNG.initAndRun(RemoteTestNG.java:251)at org.testng.remote.RemoteTestNG.main(RemoteTestNG.java:77)]]>
    </failure>
  </testcase> <!-- MaxLength -->
  <testcase name="OnlyCharacter" time="5.612" classname="automationFramework.TestNG"/>
  <testcase name="PhoneNumberFormat" time="5.473" classname="automationFramework.TestNG"/>
  <testcase name="PhoneNumberRequiredField" time="5.343" classname="automationFramework.TestNG"/>
  <testcase name="SubmittedSuccess" time="5.813" classname="automationFramework.TestNG"/>
  <testcase name="requiredFields" time="5.409" classname="automationFramework.TestNG"/>
</testsuite> <!-- Default test -->
