<?xml version="1.0" encoding="UTF-8"?>
<testng-results skipped="0" failed="1" ignored="0" total="9" passed="8">
  <reporter-output>
  </reporter-output>
  <suite name="Default suite" duration-ms="93646" started-at="2018-01-29T03:55:13Z" finished-at="2018-01-29T03:56:47Z">
    <groups>
    </groups>
    <test name="Default test" duration-ms="93646" started-at="2018-01-29T03:55:13Z" finished-at="2018-01-29T03:56:47Z">
      <class name="automationFramework.TestNG">
        <test-method status="PASS" signature="beforeMethod()[pri:0, instance:automationFramework.TestNG@86be70a]" name="beforeMethod" is-config="true" duration-ms="5150" started-at="2018-01-28T22:55:13Z" finished-at="2018-01-28T22:55:19Z">
          <reporter-output>
          </reporter-output>
        </test-method> <!-- beforeMethod -->
        <test-method status="PASS" signature="ClearForm()[pri:0, instance:automationFramework.TestNG@86be70a]" name="ClearForm" duration-ms="5802" started-at="2018-01-28T22:55:19Z" finished-at="2018-01-28T22:55:24Z">
          <reporter-output>
          </reporter-output>
        </test-method> <!-- ClearForm -->
        <test-method status="PASS" signature="afterMethod()[pri:0, instance:automationFramework.TestNG@86be70a]" name="afterMethod" is-config="true" duration-ms="734" started-at="2018-01-28T22:55:24Z" finished-at="2018-01-28T22:55:25Z">
          <reporter-output>
          </reporter-output>
        </test-method> <!-- afterMethod -->
        <test-method status="PASS" signature="beforeMethod()[pri:0, instance:automationFramework.TestNG@86be70a]" name="beforeMethod" is-config="true" duration-ms="3724" started-at="2018-01-28T22:55:25Z" finished-at="2018-01-28T22:55:29Z">
          <reporter-output>
          </reporter-output>
        </test-method> <!-- beforeMethod -->
        <test-method status="PASS" signature="FirstNameRequiredField()[pri:0, instance:automationFramework.TestNG@86be70a]" name="FirstNameRequiredField" duration-ms="5487" started-at="2018-01-28T22:55:29Z" finished-at="2018-01-28T22:55:34Z">
          <reporter-output>
          </reporter-output>
        </test-method> <!-- FirstNameRequiredField -->
        <test-method status="PASS" signature="afterMethod()[pri:0, instance:automationFramework.TestNG@86be70a]" name="afterMethod" is-config="true" duration-ms="782" started-at="2018-01-28T22:55:34Z" finished-at="2018-01-28T22:55:35Z">
          <reporter-output>
          </reporter-output>
        </test-method> <!-- afterMethod -->
        <test-method status="PASS" signature="beforeMethod()[pri:0, instance:automationFramework.TestNG@86be70a]" name="beforeMethod" is-config="true" duration-ms="4193" started-at="2018-01-28T22:55:35Z" finished-at="2018-01-28T22:55:39Z">
          <reporter-output>
          </reporter-output>
        </test-method> <!-- beforeMethod -->
        <test-method status="PASS" signature="LastNameRequiredField()[pri:0, instance:automationFramework.TestNG@86be70a]" name="LastNameRequiredField" duration-ms="5539" started-at="2018-01-28T22:55:39Z" finished-at="2018-01-28T22:55:45Z">
          <reporter-output>
          </reporter-output>
        </test-method> <!-- LastNameRequiredField -->
        <test-method status="PASS" signature="afterMethod()[pri:0, instance:automationFramework.TestNG@86be70a]" name="afterMethod" is-config="true" duration-ms="692" started-at="2018-01-28T22:55:45Z" finished-at="2018-01-28T22:55:45Z">
          <reporter-output>
          </reporter-output>
        </test-method> <!-- afterMethod -->
        <test-method status="PASS" signature="beforeMethod()[pri:0, instance:automationFramework.TestNG@86be70a]" name="beforeMethod" is-config="true" duration-ms="4061" started-at="2018-01-28T22:55:45Z" finished-at="2018-01-28T22:55:50Z">
          <reporter-output>
          </reporter-output>
        </test-method> <!-- beforeMethod -->
        <test-method status="FAIL" signature="MaxLength()[pri:0, instance:automationFramework.TestNG@86be70a]" name="MaxLength" duration-ms="5571" started-at="2018-01-28T22:55:50Z" finished-at="2018-01-28T22:55:55Z">
          <exception class="java.lang.AssertionError">
            <message>
              <![CDATA[expected [The max length of last name is 20] but found [The max length of first name is 20]]]>
            </message>
            <full-stacktrace>
              <![CDATA[java.lang.AssertionError: expected [The max length of last name is 20] but found [The max length of first name is 20]at org.testng.Assert.fail(Assert.java:96)at org.testng.Assert.failNotEquals(Assert.java:776)at org.testng.Assert.assertEqualsImpl(Assert.java:137)at org.testng.Assert.assertEquals(Assert.java:118)at org.testng.Assert.assertEquals(Assert.java:453)at org.testng.Assert.assertEquals(Assert.java:463)at automationFramework.TestNG.MaxLength(TestNG.java:87)at sun.reflect.NativeMethodAccessorImpl.invoke0(Native Method)at sun.reflect.NativeMethodAccessorImpl.invoke(NativeMethodAccessorImpl.java:62)at sun.reflect.DelegatingMethodAccessorImpl.invoke(DelegatingMethodAccessorImpl.java:43)at java.lang.reflect.Method.invoke(Method.java:497)at org.testng.internal.MethodInvocationHelper.invokeMethod(MethodInvocationHelper.java:124)at org.testng.internal.Invoker.invokeMethod(Invoker.java:571)at org.testng.internal.Invoker.invokeTestMethod(Invoker.java:707)at org.testng.internal.Invoker.invokeTestMethods(Invoker.java:979)at org.testng.internal.TestMethodWorker.invokeTestMethods(TestMethodWorker.java:125)at org.testng.internal.TestMethodWorker.run(TestMethodWorker.java:109)at org.testng.TestRunner.privateRun(TestRunner.java:648)at org.testng.TestRunner.run(TestRunner.java:505)at org.testng.SuiteRunner.runTest(SuiteRunner.java:455)at org.testng.SuiteRunner.runSequentially(SuiteRunner.java:450)at org.testng.SuiteRunner.privateRun(SuiteRunner.java:415)at org.testng.SuiteRunner.run(SuiteRunner.java:364)at org.testng.SuiteRunnerWorker.runSuite(SuiteRunnerWorker.java:52)at org.testng.SuiteRunnerWorker.run(SuiteRunnerWorker.java:84)at org.testng.TestNG.runSuitesSequentially(TestNG.java:1187)at org.testng.TestNG.runSuitesLocally(TestNG.java:1116)at org.testng.TestNG.runSuites(TestNG.java:1028)at org.testng.TestNG.run(TestNG.java:996)at org.testng.remote.AbstractRemoteTestNG.run(AbstractRemoteTestNG.java:114)at org.testng.remote.RemoteTestNG.initAndRun(RemoteTestNG.java:251)at org.testng.remote.RemoteTestNG.main(RemoteTestNG.java:77)]]>
            </full-stacktrace>
          </exception> <!-- java.lang.AssertionError -->
          <reporter-output>
          </reporter-output>
        </test-method> <!-- MaxLength -->
        <test-method status="PASS" signature="afterMethod()[pri:0, instance:automationFramework.TestNG@86be70a]" name="afterMethod" is-config="true" duration-ms="728" started-at="2018-01-28T22:55:55Z" finished-at="2018-01-28T22:55:56Z">
          <reporter-output>
          </reporter-output>
        </test-method> <!-- afterMethod -->
        <test-method status="PASS" signature="beforeMethod()[pri:0, instance:automationFramework.TestNG@86be70a]" name="beforeMethod" is-config="true" duration-ms="4242" started-at="2018-01-28T22:55:56Z" finished-at="2018-01-28T22:56:00Z">
          <reporter-output>
          </reporter-output>
        </test-method> <!-- beforeMethod -->
        <test-method status="PASS" signature="OnlyCharacter()[pri:0, instance:automationFramework.TestNG@86be70a]" name="OnlyCharacter" duration-ms="5612" started-at="2018-01-28T22:56:00Z" finished-at="2018-01-28T22:56:06Z">
          <reporter-output>
          </reporter-output>
        </test-method> <!-- OnlyCharacter -->
        <test-method status="PASS" signature="afterMethod()[pri:0, instance:automationFramework.TestNG@86be70a]" name="afterMethod" is-config="true" duration-ms="1031" started-at="2018-01-28T22:56:06Z" finished-at="2018-01-28T22:56:07Z">
          <reporter-output>
          </reporter-output>
        </test-method> <!-- afterMethod -->
        <test-method status="PASS" signature="beforeMethod()[pri:0, instance:automationFramework.TestNG@86be70a]" name="beforeMethod" is-config="true" duration-ms="3940" started-at="2018-01-28T22:56:07Z" finished-at="2018-01-28T22:56:11Z">
          <reporter-output>
          </reporter-output>
        </test-method> <!-- beforeMethod -->
        <test-method status="PASS" signature="PhoneNumberFormat()[pri:0, instance:automationFramework.TestNG@86be70a]" name="PhoneNumberFormat" duration-ms="5473" started-at="2018-01-28T22:56:11Z" finished-at="2018-01-28T22:56:16Z">
          <reporter-output>
          </reporter-output>
        </test-method> <!-- PhoneNumberFormat -->
        <test-method status="PASS" signature="afterMethod()[pri:0, instance:automationFramework.TestNG@86be70a]" name="afterMethod" is-config="true" duration-ms="828" started-at="2018-01-28T22:56:16Z" finished-at="2018-01-28T22:56:17Z">
          <reporter-output>
          </reporter-output>
        </test-method> <!-- afterMethod -->
        <test-method status="PASS" signature="beforeMethod()[pri:0, instance:automationFramework.TestNG@86be70a]" name="beforeMethod" is-config="true" duration-ms="3651" started-at="2018-01-28T22:56:17Z" finished-at="2018-01-28T22:56:21Z">
          <reporter-output>
          </reporter-output>
        </test-method> <!-- beforeMethod -->
        <test-method status="PASS" signature="PhoneNumberRequiredField()[pri:0, instance:automationFramework.TestNG@86be70a]" name="PhoneNumberRequiredField" duration-ms="5343" started-at="2018-01-28T22:56:21Z" finished-at="2018-01-28T22:56:26Z">
          <reporter-output>
          </reporter-output>
        </test-method> <!-- PhoneNumberRequiredField -->
        <test-method status="PASS" signature="afterMethod()[pri:0, instance:automationFramework.TestNG@86be70a]" name="afterMethod" is-config="true" duration-ms="746" started-at="2018-01-28T22:56:26Z" finished-at="2018-01-28T22:56:27Z">
          <reporter-output>
          </reporter-output>
        </test-method> <!-- afterMethod -->
        <test-method status="PASS" signature="beforeMethod()[pri:0, instance:automationFramework.TestNG@86be70a]" name="beforeMethod" is-config="true" duration-ms="3726" started-at="2018-01-28T22:56:27Z" finished-at="2018-01-28T22:56:30Z">
          <reporter-output>
          </reporter-output>
        </test-method> <!-- beforeMethod -->
        <test-method status="PASS" signature="SubmittedSuccess()[pri:0, instance:automationFramework.TestNG@86be70a]" name="SubmittedSuccess" duration-ms="5813" started-at="2018-01-28T22:56:30Z" finished-at="2018-01-28T22:56:36Z">
          <reporter-output>
          </reporter-output>
        </test-method> <!-- SubmittedSuccess -->
        <test-method status="PASS" signature="afterMethod()[pri:0, instance:automationFramework.TestNG@86be70a]" name="afterMethod" is-config="true" duration-ms="803" started-at="2018-01-28T22:56:36Z" finished-at="2018-01-28T22:56:37Z">
          <reporter-output>
          </reporter-output>
        </test-method> <!-- afterMethod -->
        <test-method status="PASS" signature="beforeMethod()[pri:0, instance:automationFramework.TestNG@86be70a]" name="beforeMethod" is-config="true" duration-ms="3788" started-at="2018-01-28T22:56:37Z" finished-at="2018-01-28T22:56:41Z">
          <reporter-output>
          </reporter-output>
        </test-method> <!-- beforeMethod -->
        <test-method status="PASS" signature="requiredFields()[pri:0, instance:automationFramework.TestNG@86be70a]" name="requiredFields" duration-ms="5409" started-at="2018-01-28T22:56:41Z" finished-at="2018-01-28T22:56:46Z">
          <reporter-output>
          </reporter-output>
        </test-method> <!-- requiredFields -->
        <test-method status="PASS" signature="afterMethod()[pri:0, instance:automationFramework.TestNG@86be70a]" name="afterMethod" is-config="true" duration-ms="728" started-at="2018-01-28T22:56:46Z" finished-at="2018-01-28T22:56:47Z">
          <reporter-output>
          </reporter-output>
        </test-method> <!-- afterMethod -->
      </class> <!-- automationFramework.TestNG -->
    </test> <!-- Default test -->
  </suite> <!-- Default suite -->
</testng-results>
